Using pre-set license
Built from '2021.3/china_unity/release' branch; Version is '2021.3.6f1c1 (07401303b748) revision 475155'; Using compiler version '192829333'; Build Type 'Release'
OS: 'Windows 10  (10.0.19045) 64bit CoreCountrySpecific' Language: 'zh' Physical Memory: 8092 MB
BatchMode: 1, IsHumanControllingUs: 0, StartBugReporterOnCrash: 0, Is64bit: 1, IsPro: 1

COMMAND LINE ARGUMENTS:
C:\Program Files\Unity\Hub\Editor\2021.3.6f1c1\Editor\Unity.exe
-adb2
-batchMode
-noUpm
-name
AssetImportWorker0
-projectPath
C:/Users/danw9/Documents/GitHub/VR-Project_WanderInGarden/VR_WanderInGarden
-logFile
Logs/AssetImportWorker0.log
-srvPort
1090
Successfully changed project path to: C:/Users/danw9/Documents/GitHub/VR-Project_WanderInGarden/VR_WanderInGarden
C:/Users/danw9/Documents/GitHub/VR-Project_WanderInGarden/VR_WanderInGarden
[UnityMemory] Configuration Parameters - Can be set up in boot.config
    "memorysetup-bucket-allocator-granularity=16"
    "memorysetup-bucket-allocator-bucket-count=8"
    "memorysetup-bucket-allocator-block-size=33554432"
    "memorysetup-bucket-allocator-block-count=8"
    "memorysetup-main-allocator-block-size=16777216"
    "memorysetup-thread-allocator-block-size=16777216"
    "memorysetup-gfx-main-allocator-block-size=16777216"
    "memorysetup-gfx-thread-allocator-block-size=16777216"
    "memorysetup-cache-allocator-block-size=4194304"
    "memorysetup-typetree-allocator-block-size=2097152"
    "memorysetup-profiler-bucket-allocator-granularity=16"
    "memorysetup-profiler-bucket-allocator-bucket-count=8"
    "memorysetup-profiler-bucket-allocator-block-size=33554432"
    "memorysetup-profiler-bucket-allocator-block-count=8"
    "memorysetup-profiler-allocator-block-size=16777216"
    "memorysetup-profiler-editor-allocator-block-size=1048576"
    "memorysetup-temp-allocator-size-main=16777216"
    "memorysetup-job-temp-allocator-block-size=2097152"
    "memorysetup-job-temp-allocator-block-size-background=1048576"
    "memorysetup-job-temp-allocator-reduction-small-platforms=262144"
    "memorysetup-temp-allocator-size-background-worker=32768"
    "memorysetup-temp-allocator-size-job-worker=262144"
    "memorysetup-temp-allocator-size-preload-manager=33554432"
    "memorysetup-temp-allocator-size-nav-mesh-worker=65536"
    "memorysetup-temp-allocator-size-audio-worker=65536"
    "memorysetup-temp-allocator-size-cloud-worker=32768"
    "memorysetup-temp-allocator-size-gi-baking-worker=262144"
    "memorysetup-temp-allocator-size-gfx=262144"
AS: AutoStreaming module initializing.
Refreshing native plugins compatible for Editor in 43.61 ms, found 2 plugins.
Preloading 0 native plugins for Editor in 0.00 ms.
Initialize engine version: 2021.3.6f1c1 (07401303b748)
[Subsystems] Discovering subsystems at path C:/Program Files/Unity/Hub/Editor/2021.3.6f1c1/Editor/Data/Resources/UnitySubsystems
[Subsystems] Discovering subsystems at path C:/Users/danw9/Documents/GitHub/VR-Project_WanderInGarden/VR_WanderInGarden/Assets
GfxDevice: creating device client; threaded=0; jobified=0
Direct3D:
    Version:  Direct3D 11.0 [level 11.1]
    Renderer: Radeon (TM) 530 (ID=0x6900)
    Vendor:   ATI
    VRAM:     4086 MB
    Driver:   26.20.15026.1
Initialize mono
Mono path[0] = 'C:/Program Files/Unity/Hub/Editor/2021.3.6f1c1/Editor/Data/Managed'
Mono path[1] = 'C:/Program Files/Unity/Hub/Editor/2021.3.6f1c1/Editor/Data/MonoBleedingEdge/lib/mono/unityjit-win32'
Mono config path = 'C:/Program Files/Unity/Hub/Editor/2021.3.6f1c1/Editor/Data/MonoBleedingEdge/etc'
Using monoOptions --debugger-agent=transport=dt_socket,embedding=1,server=y,suspend=n,address=127.0.0.1:56780
Begin MonoManager ReloadAssembly
Registering precompiled unity dll's ...
Register platform support module: C:/Program Files/Unity/Hub/Editor/2021.3.6f1c1/Editor/Data/PlaybackEngines/WindowsStandaloneSupport/UnityEditor.WindowsStandalone.Extensions.dll
Registered in 0.153865 seconds.
Native extension for WindowsStandalone target not found
Refreshing native plugins compatible for Editor in 30.69 ms, found 2 plugins.
Preloading 0 native plugins for Editor in 0.00 ms.
Mono: successfully reloaded assembly
- Completed reload, in  2.135 seconds
Domain Reload Profiling:
	ReloadAssembly (2136ms)
		BeginReloadAssembly (492ms)
			ExecutionOrderSort (0ms)
			DisableScriptedObjects (0ms)
			BackupInstance (0ms)
			ReleaseScriptingObjects (0ms)
			CreateAndSetChildDomain (1ms)
		EndReloadAssembly (971ms)
			LoadAssemblies (433ms)
			RebuildTransferFunctionScriptingTraits (0ms)
			SetupTypeCache (543ms)
			ReleaseScriptCaches (0ms)
			RebuildScriptCaches (34ms)
			SetupLoadedEditorAssemblies (264ms)
				LogAssemblyErrors (0ms)
				InitializePlatformSupportModulesInManaged (23ms)
				SetLoadedEditorAssemblies (0ms)
				RefreshPlugins (31ms)
				BeforeProcessingInitializeOnLoad (1ms)
				ProcessInitializeOnLoadAttributes (128ms)
				ProcessInitializeOnLoadMethodAttributes (80ms)
				AfterProcessingInitializeOnLoad (0ms)
				EditorAssembliesLoaded (0ms)
			ExecutionOrderSort2 (0ms)
			AwakeInstancesAfterBackupRestoration (0ms)
Platform modules already initialized, skipping
Registering precompiled user dll's ...
Registered in 0.012846 seconds.
Begin MonoManager ReloadAssembly
Native extension for WindowsStandalone target not found
Refreshing native plugins compatible for Editor in 0.55 ms, found 2 plugins.
Preloading 0 native plugins for Editor in 0.00 ms.
Mono: successfully reloaded assembly
- Completed reload, in  4.229 seconds
Domain Reload Profiling:
	ReloadAssembly (4231ms)
		BeginReloadAssembly (323ms)
			ExecutionOrderSort (0ms)
			DisableScriptedObjects (8ms)
			BackupInstance (0ms)
			ReleaseScriptingObjects (0ms)
			CreateAndSetChildDomain (24ms)
		EndReloadAssembly (1766ms)
			LoadAssemblies (440ms)
			RebuildTransferFunctionScriptingTraits (0ms)
			SetupTypeCache (496ms)
			ReleaseScriptCaches (0ms)
			RebuildScriptCaches (80ms)
			SetupLoadedEditorAssemblies (643ms)
				LogAssemblyErrors (0ms)
				InitializePlatformSupportModulesInManaged (26ms)
				SetLoadedEditorAssemblies (1ms)
				RefreshPlugins (1ms)
				BeforeProcessingInitializeOnLoad (264ms)
				ProcessInitializeOnLoadAttributes (191ms)
				ProcessInitializeOnLoadMethodAttributes (29ms)
				AfterProcessingInitializeOnLoad (131ms)
				EditorAssembliesLoaded (0ms)
			ExecutionOrderSort2 (0ms)
			AwakeInstancesAfterBackupRestoration (56ms)
Platform modules already initialized, skipping
========================================================================
Worker process is ready to serve import requests
Launched and connected shader compiler UnityShaderCompiler.exe after 0.20 seconds
Refreshing native plugins compatible for Editor in 0.54 ms, found 2 plugins.
Preloading 0 native plugins for Editor in 0.00 ms.
Unloading 1302 Unused Serialized files (Serialized files now loaded: 0)
Unloading 15 unused Assets / (111.9 KB). Loaded Objects now: 1775.
Memory consumption went from 65.2 MB to 65.1 MB.
Total: 3.253600 ms (FindLiveObjects: 0.194600 ms CreateObjectMapping: 0.097400 ms MarkObjects: 2.785100 ms  DeleteObjects: 0.174900 ms)

AssetImportParameters requested are different than current active one (requested -> active):
  custom:video-decoder-ogg-theora: a1e56fd34408186e4bbccfd4996cb3dc -> 
  custom:container-muxer-webm: aa71ff27fc2769a1b78a27578f13a17b -> 
  custom:container-demuxer-webm: 4f35f7cbe854078d1ac9338744f61a02 -> 
  custom:video-encoder-webm-vp8: eb34c28f22e8b96e1ab97ce403110664 -> 
  custom:video-codec-MediaFoundation-h265: 746d11721c4dcdbdad8f713fa42b33f4 -> 
  custom:audio-encoder-webm-vorbis: bf7c407c2cedff20999df2af8eb42d56 -> 
  custom:framework-win-MediaFoundation: 216162199b28c13a410421893ffa2e32 -> 
  custom:container-demuxer-ogg: 62fdf1f143b41e24485cea50d1cbac27 -> 
  custom:video-decoder-webm-vp8: 9c59270c3fd7afecdb556c50c9e8de78 -> 
  custom:audio-decoder-ogg-vorbis: bf7c407c2cedff20999df2af8eb42d56 -> 
========================================================================
Received Import Request.
  Time since last request: 74831.705201 seconds.
  path: Assets/Shader/Moss.shader
  artifactKey: Guid(539f3d110e235874493242f6f9e1fd26) Importer(815301076,1909f56bfc062723c751e8b465ee728b)
Start importing Assets/Shader/Moss.shader using Guid(539f3d110e235874493242f6f9e1fd26) Importer(815301076,1909f56bfc062723c751e8b465ee728b)  -> (artifact id: '98abdf3710d97895debf182ad2c43060') in 0.070016 seconds 
========================================================================
Received Import Request.
  Time since last request: 6316.588914 seconds.
  path: Assets/Shader/Moss.shader
  artifactKey: Guid(539f3d110e235874493242f6f9e1fd26) Importer(815301076,1909f56bfc062723c751e8b465ee728b)
Start importing Assets/Shader/Moss.shader using Guid(539f3d110e235874493242f6f9e1fd26) Importer(815301076,1909f56bfc062723c751e8b465ee728b)  -> (artifact id: '0e462d6eada026ef8fff95262403fef6') in 0.028886 seconds 
========================================================================
Received Import Request.
  Time since last request: 63.709342 seconds.
  path: Assets/Shader/Moss.shader
  artifactKey: Guid(539f3d110e235874493242f6f9e1fd26) Importer(815301076,1909f56bfc062723c751e8b465ee728b)
Start importing Assets/Shader/Moss.shader using Guid(539f3d110e235874493242f6f9e1fd26) Importer(815301076,1909f56bfc062723c751e8b465ee728b)  -> (artifact id: '80c888b0ed7dc8866377c29204224f1c') in 0.008662 seconds 
========================================================================
Received Import Request.
  Time since last request: 33.022438 seconds.
  path: Assets/Shader/Moss.shader
  artifactKey: Guid(539f3d110e235874493242f6f9e1fd26) Importer(815301076,1909f56bfc062723c751e8b465ee728b)
Start importing Assets/Shader/Moss.shader using Guid(539f3d110e235874493242f6f9e1fd26) Importer(815301076,1909f56bfc062723c751e8b465ee728b)  -> (artifact id: '761dde9a3cc330a38f7f59f287005031') in 0.008046 seconds 
========================================================================
Received Import Request.
  Time since last request: 683.507714 seconds.
  path: Assets/Shader/Moss.mat
  artifactKey: Guid(b44bf47c01021254c826a32e91f579d4) Importer(815301076,1909f56bfc062723c751e8b465ee728b)
Start importing Assets/Shader/Moss.mat using Guid(b44bf47c01021254c826a32e91f579d4) Importer(815301076,1909f56bfc062723c751e8b465ee728b)  -> (artifact id: '78b18c2ed8a6c1dcc4f21294393b94f6') in 0.266315 seconds 
========================================================================
Received Import Request.
  Time since last request: 1359.126207 seconds.
  path: Assets/Texture/voronoi 3 - 512x512.png
  artifactKey: Guid(6a7e21f68be5be34c9a70efdda4cd097) Importer(815301076,1909f56bfc062723c751e8b465ee728b)
Start importing Assets/Texture/voronoi 3 - 512x512.png using Guid(6a7e21f68be5be34c9a70efdda4cd097) Importer(815301076,1909f56bfc062723c751e8b465ee728b)  -> (artifact id: '30cb1bae24a87360ee5bfdf8c5b5430a') in 0.241209 seconds 
========================================================================
Received Import Request.
  Time since last request: 2227.007987 seconds.
  path: Assets/Model/bamboo.fbx
  artifactKey: Guid(1182acd062ca365468a2b18ee3732fda) Importer(815301076,1909f56bfc062723c751e8b465ee728b)
Start importing Assets/Model/bamboo.fbx using Guid(1182acd062ca365468a2b18ee3732fda) Importer(815301076,1909f56bfc062723c751e8b465ee728b)  -> (artifact id: '26d8e4e3056c7740cbc41ce0b2b45a98') in 0.810086 seconds 
========================================================================
Received Import Request.
  Time since last request: 675.507398 seconds.
  path: Assets/Shader/StoneWithMoss.shader
  artifactKey: Guid(c21f866ac4547184bab6675386e75bb2) Importer(815301076,1909f56bfc062723c751e8b465ee728b)
Start importing Assets/Shader/StoneWithMoss.shader using Guid(c21f866ac4547184bab6675386e75bb2) Importer(815301076,1909f56bfc062723c751e8b465ee728b)  -> (artifact id: '1083dc0e4ef90919ad247db941905bdc') in 0.045261 seconds 
========================================================================
Received Import Request.
  Time since last request: 2947.881572 seconds.
  path: Assets/Shader/StoneWithMoss.shader
  artifactKey: Guid(c21f866ac4547184bab6675386e75bb2) Importer(815301076,1909f56bfc062723c751e8b465ee728b)
Start importing Assets/Shader/StoneWithMoss.shader using Guid(c21f866ac4547184bab6675386e75bb2) Importer(815301076,1909f56bfc062723c751e8b465ee728b)  -> (artifact id: '7f0ac9bb2169155eec7f8bafb00b017a') in 0.013991 seconds 
========================================================================
Received Import Request.
  Time since last request: 47.204936 seconds.
  path: Assets/Shader/StoneWithMoss.shader
  artifactKey: Guid(c21f866ac4547184bab6675386e75bb2) Importer(815301076,1909f56bfc062723c751e8b465ee728b)
Start importing Assets/Shader/StoneWithMoss.shader using Guid(c21f866ac4547184bab6675386e75bb2) Importer(815301076,1909f56bfc062723c751e8b465ee728b)  -> (artifact id: '0c23e38749f1377e903b912abbec957e') in 0.010257 seconds 
========================================================================
Received Import Request.
  Time since last request: 20.488604 seconds.
  path: Assets/Shader/StoneWithMoss.shader
  artifactKey: Guid(c21f866ac4547184bab6675386e75bb2) Importer(815301076,1909f56bfc062723c751e8b465ee728b)
Start importing Assets/Shader/StoneWithMoss.shader using Guid(c21f866ac4547184bab6675386e75bb2) Importer(815301076,1909f56bfc062723c751e8b465ee728b)  -> (artifact id: 'f8bad1b7582caa0e0225be9b74c42964') in 0.008731 seconds 
========================================================================
Received Import Request.
  Time since last request: 98.495897 seconds.
  path: Assets/Shader/StoneWithMoss.shader
  artifactKey: Guid(c21f866ac4547184bab6675386e75bb2) Importer(815301076,1909f56bfc062723c751e8b465ee728b)
Start importing Assets/Shader/StoneWithMoss.shader using Guid(c21f866ac4547184bab6675386e75bb2) Importer(815301076,1909f56bfc062723c751e8b465ee728b)  -> (artifact id: '49dc9ffd14e5667f39048a262b21f4cb') in 0.012134 seconds 
========================================================================
Received Import Request.
  Time since last request: 14.043393 seconds.
  path: Assets/Shader/StoneWithMoss.mat
  artifactKey: Guid(361aad663e986244ea7f3daf4f41850f) Importer(815301076,1909f56bfc062723c751e8b465ee728b)
Start importing Assets/Shader/StoneWithMoss.mat using Guid(361aad663e986244ea7f3daf4f41850f) Importer(815301076,1909f56bfc062723c751e8b465ee728b)  -> (artifact id: 'daaa69b5cfecbd279844f2204e63ffc4') in 0.311601 seconds 
========================================================================
Received Import Request.
  Time since last request: 2036.452083 seconds.
  path: Assets/Shader/Moss.shader
  artifactKey: Guid(539f3d110e235874493242f6f9e1fd26) Importer(815301076,1909f56bfc062723c751e8b465ee728b)
Start importing Assets/Shader/Moss.shader using Guid(539f3d110e235874493242f6f9e1fd26) Importer(815301076,1909f56bfc062723c751e8b465ee728b)  -> (artifact id: '33344b609dc4c2cef8d44e635951f7f9') in 0.009801 seconds 
========================================================================
Received Import Request.
  Time since last request: 27.898559 seconds.
  path: Assets/Shader/Meadow.shader
  artifactKey: Guid(ea89a02fe77c20147bd65a155b439708) Importer(815301076,1909f56bfc062723c751e8b465ee728b)
Start importing Assets/Shader/Meadow.shader using Guid(ea89a02fe77c20147bd65a155b439708) Importer(815301076,1909f56bfc062723c751e8b465ee728b)  -> (artifact id: 'b33b9112ecec8c8ec77eb044ee025c33') in 0.018547 seconds 
