Using pre-set license
Built from '2021.3/china_unity/release' branch; Version is '2021.3.6f1c1 (07401303b748) revision 475155'; Using compiler version '192829333'; Build Type 'Release'
OS: 'Windows 10  (10.0.19045) 64bit CoreCountrySpecific' Language: 'zh' Physical Memory: 8092 MB
BatchMode: 1, IsHumanControllingUs: 0, StartBugReporterOnCrash: 0, Is64bit: 1, IsPro: 1

COMMAND LINE ARGUMENTS:
C:\Program Files\Unity\Hub\Editor\2021.3.6f1c1\Editor\Unity.exe
-adb2
-batchMode
-noUpm
-name
AssetImportWorker4
-projectPath
C:/Users/danw9/Documents/GitHub/VR-Project_WanderInGarden/VR_WanderInGarden
-logFile
Logs/AssetImportWorker4.log
-srvPort
1068
Successfully changed project path to: C:/Users/danw9/Documents/GitHub/VR-Project_WanderInGarden/VR_WanderInGarden
C:/Users/danw9/Documents/GitHub/VR-Project_WanderInGarden/VR_WanderInGarden
[UnityMemory] Configuration Parameters - Can be set up in boot.config
    "memorysetup-bucket-allocator-granularity=16"
    "memorysetup-bucket-allocator-bucket-count=8"
    "memorysetup-bucket-allocator-block-size=33554432"
    "memorysetup-bucket-allocator-block-count=8"
    "memorysetup-main-allocator-block-size=16777216"
    "memorysetup-thread-allocator-block-size=16777216"
    "memorysetup-gfx-main-allocator-block-size=16777216"
    "memorysetup-gfx-thread-allocator-block-size=16777216"
    "memorysetup-cache-allocator-block-size=4194304"
    "memorysetup-typetree-allocator-block-size=2097152"
    "memorysetup-profiler-bucket-allocator-granularity=16"
    "memorysetup-profiler-bucket-allocator-bucket-count=8"
    "memorysetup-profiler-bucket-allocator-block-size=33554432"
    "memorysetup-profiler-bucket-allocator-block-count=8"
    "memorysetup-profiler-allocator-block-size=16777216"
    "memorysetup-profiler-editor-allocator-block-size=1048576"
    "memorysetup-temp-allocator-size-main=16777216"
    "memorysetup-job-temp-allocator-block-size=2097152"
    "memorysetup-job-temp-allocator-block-size-background=1048576"
    "memorysetup-job-temp-allocator-reduction-small-platforms=262144"
    "memorysetup-temp-allocator-size-background-worker=32768"
    "memorysetup-temp-allocator-size-job-worker=262144"
    "memorysetup-temp-allocator-size-preload-manager=33554432"
    "memorysetup-temp-allocator-size-nav-mesh-worker=65536"
    "memorysetup-temp-allocator-size-audio-worker=65536"
    "memorysetup-temp-allocator-size-cloud-worker=32768"
    "memorysetup-temp-allocator-size-gi-baking-worker=262144"
    "memorysetup-temp-allocator-size-gfx=262144"
AS: AutoStreaming module initializing.
Refreshing native plugins compatible for Editor in 217.78 ms, found 2 plugins.
Preloading 0 native plugins for Editor in 0.00 ms.
Initialize engine version: 2021.3.6f1c1 (07401303b748)
[Subsystems] Discovering subsystems at path C:/Program Files/Unity/Hub/Editor/2021.3.6f1c1/Editor/Data/Resources/UnitySubsystems
[Subsystems] Discovering subsystems at path C:/Users/danw9/Documents/GitHub/VR-Project_WanderInGarden/VR_WanderInGarden/Assets
GfxDevice: creating device client; threaded=0; jobified=0
Direct3D:
    Version:  Direct3D 11.0 [level 11.1]
    Renderer: Radeon (TM) 530 (ID=0x6900)
    Vendor:   ATI
    VRAM:     4086 MB
    Driver:   26.20.15026.1
Initialize mono
Mono path[0] = 'C:/Program Files/Unity/Hub/Editor/2021.3.6f1c1/Editor/Data/Managed'
Mono path[1] = 'C:/Program Files/Unity/Hub/Editor/2021.3.6f1c1/Editor/Data/MonoBleedingEdge/lib/mono/unityjit-win32'
Mono config path = 'C:/Program Files/Unity/Hub/Editor/2021.3.6f1c1/Editor/Data/MonoBleedingEdge/etc'
Using monoOptions --debugger-agent=transport=dt_socket,embedding=1,server=y,suspend=n,address=127.0.0.1:56136
Begin MonoManager ReloadAssembly
Registering precompiled unity dll's ...
Register platform support module: C:/Program Files/Unity/Hub/Editor/2021.3.6f1c1/Editor/Data/PlaybackEngines/WindowsStandaloneSupport/UnityEditor.WindowsStandalone.Extensions.dll
Registered in 0.068045 seconds.
Native extension for WindowsStandalone target not found
Refreshing native plugins compatible for Editor in 33.53 ms, found 2 plugins.
Preloading 0 native plugins for Editor in 0.00 ms.
Mono: successfully reloaded assembly
- Completed reload, in  1.503 seconds
Domain Reload Profiling:
	ReloadAssembly (1504ms)
		BeginReloadAssembly (448ms)
			ExecutionOrderSort (0ms)
			DisableScriptedObjects (0ms)
			BackupInstance (0ms)
			ReleaseScriptingObjects (0ms)
			CreateAndSetChildDomain (1ms)
		EndReloadAssembly (651ms)
			LoadAssemblies (399ms)
			RebuildTransferFunctionScriptingTraits (0ms)
			SetupTypeCache (165ms)
			ReleaseScriptCaches (0ms)
			RebuildScriptCaches (33ms)
			SetupLoadedEditorAssemblies (302ms)
				LogAssemblyErrors (0ms)
				InitializePlatformSupportModulesInManaged (25ms)
				SetLoadedEditorAssemblies (0ms)
				RefreshPlugins (34ms)
				BeforeProcessingInitializeOnLoad (1ms)
				ProcessInitializeOnLoadAttributes (151ms)
				ProcessInitializeOnLoadMethodAttributes (91ms)
				AfterProcessingInitializeOnLoad (0ms)
				EditorAssembliesLoaded (0ms)
			ExecutionOrderSort2 (0ms)
			AwakeInstancesAfterBackupRestoration (0ms)
Platform modules already initialized, skipping
Registering precompiled user dll's ...
Registered in 0.022113 seconds.
Begin MonoManager ReloadAssembly
Native extension for WindowsStandalone target not found
Refreshing native plugins compatible for Editor in 0.42 ms, found 2 plugins.
Preloading 0 native plugins for Editor in 0.00 ms.
Mono: successfully reloaded assembly
- Completed reload, in  2.982 seconds
Domain Reload Profiling:
	ReloadAssembly (2985ms)
		BeginReloadAssembly (555ms)
			ExecutionOrderSort (0ms)
			DisableScriptedObjects (11ms)
			BackupInstance (0ms)
			ReleaseScriptingObjects (0ms)
			CreateAndSetChildDomain (44ms)
		EndReloadAssembly (1906ms)
			LoadAssemblies (501ms)
			RebuildTransferFunctionScriptingTraits (0ms)
			SetupTypeCache (315ms)
			ReleaseScriptCaches (1ms)
			RebuildScriptCaches (66ms)
			SetupLoadedEditorAssemblies (944ms)
				LogAssemblyErrors (0ms)
				InitializePlatformSupportModulesInManaged (36ms)
				SetLoadedEditorAssemblies (1ms)
				RefreshPlugins (1ms)
				BeforeProcessingInitializeOnLoad (333ms)
				ProcessInitializeOnLoadAttributes (269ms)
				ProcessInitializeOnLoadMethodAttributes (58ms)
				AfterProcessingInitializeOnLoad (246ms)
				EditorAssembliesLoaded (1ms)
			ExecutionOrderSort2 (0ms)
			AwakeInstancesAfterBackupRestoration (96ms)
Platform modules already initialized, skipping
========================================================================
Worker process is ready to serve import requests
Launched and connected shader compiler UnityShaderCompiler.exe after 0.43 seconds
Refreshing native plugins compatible for Editor in 0.46 ms, found 2 plugins.
Preloading 0 native plugins for Editor in 0.00 ms.
Unloading 1297 Unused Serialized files (Serialized files now loaded: 0)
Unloading 15 unused Assets / (111.4 KB). Loaded Objects now: 1769.
Memory consumption went from 63.7 MB to 63.6 MB.
Total: 3.614500 ms (FindLiveObjects: 0.228300 ms CreateObjectMapping: 0.124800 ms MarkObjects: 3.123300 ms  DeleteObjects: 0.135900 ms)

AssetImportParameters requested are different than current active one (requested -> active):
  custom:video-decoder-ogg-theora: a1e56fd34408186e4bbccfd4996cb3dc -> 
  custom:container-muxer-webm: aa71ff27fc2769a1b78a27578f13a17b -> 
  custom:container-demuxer-webm: 4f35f7cbe854078d1ac9338744f61a02 -> 
  custom:video-encoder-webm-vp8: eb34c28f22e8b96e1ab97ce403110664 -> 
  custom:video-codec-MediaFoundation-h265: 746d11721c4dcdbdad8f713fa42b33f4 -> 
  custom:audio-encoder-webm-vorbis: bf7c407c2cedff20999df2af8eb42d56 -> 
  custom:framework-win-MediaFoundation: 216162199b28c13a410421893ffa2e32 -> 
  custom:container-demuxer-ogg: 62fdf1f143b41e24485cea50d1cbac27 -> 
  custom:video-decoder-webm-vp8: 9c59270c3fd7afecdb556c50c9e8de78 -> 
  custom:audio-decoder-ogg-vorbis: bf7c407c2cedff20999df2af8eb42d56 -> 
========================================================================
Received Import Request.
  Time since last request: 80559.993418 seconds.
  path: Assets/Texture/back.png
  artifactKey: Guid(e70e834286cdb3940b00e792c758ec71) Importer(815301076,1909f56bfc062723c751e8b465ee728b)
Start importing Assets/Texture/back.png using Guid(e70e834286cdb3940b00e792c758ec71) Importer(815301076,1909f56bfc062723c751e8b465ee728b)  -> (artifact id: '433715723edb4e09d23adb629a93fe66') in 0.390631 seconds 
========================================================================
Received Import Request.
  Time since last request: 34.269734 seconds.
  path: Assets/Material/sky.cubemap
  artifactKey: Guid(f6f34b061318ff643ba349aa2ff7df9e) Importer(815301076,1909f56bfc062723c751e8b465ee728b)
Start importing Assets/Material/sky.cubemap using Guid(f6f34b061318ff643ba349aa2ff7df9e) Importer(815301076,1909f56bfc062723c751e8b465ee728b)  -> (artifact id: 'ed79dde4a9ca63654c54291f82949bc4') in 0.110242 seconds 
========================================================================
Received Import Request.
  Time since last request: 7.791336 seconds.
  path: Assets/Texture/right.png
  artifactKey: Guid(523f6a54a842b0d4eaae5eeff35017de) Importer(815301076,1909f56bfc062723c751e8b465ee728b)
Start importing Assets/Texture/right.png using Guid(523f6a54a842b0d4eaae5eeff35017de) Importer(815301076,1909f56bfc062723c751e8b465ee728b)  -> (artifact id: '169ce77cdd547ad17cefb73b4b8c1b46') in 0.037249 seconds 
========================================================================
Received Import Request.
  Time since last request: 15.756957 seconds.
  path: Packages/com.unity.recorder/Editor/Assets/popout_icon.png
  artifactKey: Guid(4fdf6e0f64f22254ba6554fef1ef3412) Importer(815301076,1909f56bfc062723c751e8b465ee728b)
Start importing Packages/com.unity.recorder/Editor/Assets/popout_icon.png using Guid(4fdf6e0f64f22254ba6554fef1ef3412) Importer(815301076,1909f56bfc062723c751e8b465ee728b)  -> (artifact id: '960cbe531f467b38f8cc65cfd0a6be88') in 0.065296 seconds 
========================================================================
Received Import Request.
  Time since last request: 0.591283 seconds.
  path: Packages/com.unity.timeline/Editor/StyleSheets/Images/Icons/TimelineDigIn.png
  artifactKey: Guid(b1d064d6d80829f4eb370f679384ea1f) Importer(815301076,1909f56bfc062723c751e8b465ee728b)
Start importing Packages/com.unity.timeline/Editor/StyleSheets/Images/Icons/TimelineDigIn.png using Guid(b1d064d6d80829f4eb370f679384ea1f) Importer(815301076,1909f56bfc062723c751e8b465ee728b)  -> (artifact id: 'f434de5b984f0bba4bb9cbdf94dd50cc') in 0.039645 seconds 
========================================================================
Received Import Request.
  Time since last request: 1.790613 seconds.
  path: Packages/com.unity.timeline/Editor/StyleSheets/Images/Shared/TimelineDisplay.png
  artifactKey: Guid(03ae22b9de3989144a9bebf8972b4fad) Importer(815301076,1909f56bfc062723c751e8b465ee728b)
Start importing Packages/com.unity.timeline/Editor/StyleSheets/Images/Shared/TimelineDisplay.png using Guid(03ae22b9de3989144a9bebf8972b4fad) Importer(815301076,1909f56bfc062723c751e8b465ee728b)  -> (artifact id: '3f3bc17ecb3ef4e709adb498ca7c3eba') in 0.062739 seconds 
========================================================================
Received Import Request.
  Time since last request: 0.291005 seconds.
  path: Packages/com.unity.timeline/Editor/StyleSheets/Images/LightSkin/TimelineHold.png
  artifactKey: Guid(a09fd8b5d9396c24a96a6de50cddc3b9) Importer(815301076,1909f56bfc062723c751e8b465ee728b)
Start importing Packages/com.unity.timeline/Editor/StyleSheets/Images/LightSkin/TimelineHold.png using Guid(a09fd8b5d9396c24a96a6de50cddc3b9) Importer(815301076,1909f56bfc062723c751e8b465ee728b)  -> (artifact id: 'a2374fed86e8de32ff73b6b3acdf6bda') in 0.045950 seconds 
========================================================================
Received Import Request.
  Time since last request: 0.000035 seconds.
  path: Packages/com.unity.timeline/Editor/StyleSheets/Images/DarkSkin/TimelineIconClipIn.png
  artifactKey: Guid(ab1e2f0dfb0df5e40bb95359b3d8ed3a) Importer(815301076,1909f56bfc062723c751e8b465ee728b)
Start importing Packages/com.unity.timeline/Editor/StyleSheets/Images/DarkSkin/TimelineIconClipIn.png using Guid(ab1e2f0dfb0df5e40bb95359b3d8ed3a) Importer(815301076,1909f56bfc062723c751e8b465ee728b)  -> (artifact id: 'e4796828b206fae20d50cdba2ca2ce09') in 0.039589 seconds 
========================================================================
Received Import Request.
  Time since last request: 0.219405 seconds.
  path: Packages/com.unity.timeline/Editor/StyleSheets/Images/DarkSkin/TimelineLoop.png
  artifactKey: Guid(360dded8761e81d4d98c10f469d55492) Importer(815301076,1909f56bfc062723c751e8b465ee728b)
Start importing Packages/com.unity.timeline/Editor/StyleSheets/Images/DarkSkin/TimelineLoop.png using Guid(360dded8761e81d4d98c10f469d55492) Importer(815301076,1909f56bfc062723c751e8b465ee728b)  -> (artifact id: 'c2c07ae0fb1aff8c9c85cd7571c5ca40') in 0.039608 seconds 
========================================================================
Received Import Request.
  Time since last request: 4.173756 seconds.
  path: Assets/Texture/top.png
  artifactKey: Guid(3110608858072eb47b35a00ac6307caf) Importer(815301076,1909f56bfc062723c751e8b465ee728b)
Start importing Assets/Texture/top.png using Guid(3110608858072eb47b35a00ac6307caf) Importer(815301076,1909f56bfc062723c751e8b465ee728b)  -> (artifact id: '0b5eff6b953689816ad714bd28ac986c') in 0.025198 seconds 
========================================================================
Received Import Request.
  Time since last request: 15.066813 seconds.
  path: Packages/com.unity.timeline/Editor/StyleSheets/Images/DarkSkin/TimelineStartPlayback.png
  artifactKey: Guid(5060c9f9eb2f7ee4695b638a21d8fe01) Importer(815301076,1909f56bfc062723c751e8b465ee728b)
Start importing Packages/com.unity.timeline/Editor/StyleSheets/Images/DarkSkin/TimelineStartPlayback.png using Guid(5060c9f9eb2f7ee4695b638a21d8fe01) Importer(815301076,1909f56bfc062723c751e8b465ee728b)  -> (artifact id: '94858773f4278e06c5476f394beb112d') in 0.139777 seconds 
========================================================================
Received Import Request.
  Time since last request: 349.222898 seconds.
  path: Assets/Material/sky.cubemap
  artifactKey: Guid(f6f34b061318ff643ba349aa2ff7df9e) Importer(815301076,1909f56bfc062723c751e8b465ee728b)
Start importing Assets/Material/sky.cubemap using Guid(f6f34b061318ff643ba349aa2ff7df9e) Importer(815301076,1909f56bfc062723c751e8b465ee728b)  -> (artifact id: 'e7605961233417ee0199e8ca09ba81b6') in 0.554944 seconds 
========================================================================
Received Import Request.
  Time since last request: 39629.859568 seconds.
  path: Assets/Material/Water.mat
  artifactKey: Guid(5c017ddb472be0f4b9127efd7039b9c4) Importer(815301076,1909f56bfc062723c751e8b465ee728b)
Start importing Assets/Material/Water.mat using Guid(5c017ddb472be0f4b9127efd7039b9c4) Importer(815301076,1909f56bfc062723c751e8b465ee728b)  -> (artifact id: '80fac3f46c61d5065235e36f34753b96') in 1.898929 seconds 
========================================================================
Received Import Request.
  Time since last request: 1015.809517 seconds.
  path: Assets/Material/Water.mat
  artifactKey: Guid(5c017ddb472be0f4b9127efd7039b9c4) Importer(815301076,1909f56bfc062723c751e8b465ee728b)
Start importing Assets/Material/Water.mat using Guid(5c017ddb472be0f4b9127efd7039b9c4) Importer(815301076,1909f56bfc062723c751e8b465ee728b)  -> (artifact id: '65e969a8e9edee938911d504b34f7ad5') in 0.041654 seconds 
